<?xml version="1.0" encoding="UTF-8"?>
<!-- Generated by org.testng.reporters.JUnitReportReporter -->
<testsuite skipped="0" hostname="RhlSin-PC" name="testngFiles.Annotations" tests="8" failures="0" timestamp="20 Oct 2018 14:11:17 GMT" time="0.082" errors="0">
  <testcase name="Userid" time="0.008" classname="testngFiles.Annotations"/>
  <testcase name="TrainBooking" time="0.005" classname="testngFiles.Annotations"/>
  <testcase name="Userid" time="0.008" classname="testngFiles.Annotations"/>
  <testcase name="FlightBooking" time="0.036" classname="testngFiles.Annotations"/>
  <testcase name="FlightCancel" time="0.006" classname="testngFiles.Annotations"/>
  <testcase name="TrainCancel" time="0.005" classname="testngFiles.Annotations"/>
  <testcase name="Userid" time="0.008" classname="testngFiles.Annotations"/>
  <testcase name="OpeningBrowser" time="0.006" classname="testngFiles.Annotations"/>
</testsuite> <!-- testngFiles.Annotations -->
