<?xml version="1.0" encoding="UTF-8"?>
<!-- Generated by org.testng.reporters.JUnitReportReporter -->
<testsuite skipped="0" hostname="RhlSin-PC" name="DataDriven_Maven.AppTest" tests="2" failures="0" timestamp="23 Oct 2018 17:14:06 GMT" time="0.082" errors="0">
  <testcase name="OpeningBrowser" time="0.077" classname="DataDriven_Maven.AppTest"/>
  <testcase name="FlightBooking" time="0.005" classname="DataDriven_Maven.AppTest"/>
</testsuite> <!-- DataDriven_Maven.AppTest -->
