<?xml version="1.0" encoding="UTF-8"?>
<!-- Generated by org.testng.reporters.JUnitReportReporter -->
<testsuite hostname="RhlSin-PC" name="Global.TestBase" tests="1" failures="0" timestamp="23 Oct 2018 18:20:11 GMT" time="12.642" errors="0">
  <testcase name="Login1" time="12.642" classname="Global.TestBase"/>
</testsuite> <!-- Global.TestBase -->
