<?xml version="1.0" encoding="UTF-8"?>
<!-- Generated by org.testng.reporters.JUnitReportReporter -->
<testsuite hostname="RhlSin-PC" name="DataDriven_Maven.AppTest" tests="2" failures="0" timestamp="23 Oct 2018 18:20:11 GMT" time="0.058" errors="0">
  <testcase name="FlightBooking" time="0.001" classname="DataDriven_Maven.AppTest"/>
  <testcase name="OpeningBrowser" time="0.057" classname="DataDriven_Maven.AppTest"/>
</testsuite> <!-- DataDriven_Maven.AppTest -->
